#
# There is insufficient memory for the Java Runtime Environment to continue.
# Native memory allocation (mmap) failed to map 264241152 bytes for G1 virtual space
# Possible reasons:
#   The system is out of physical RAM or swap space
#   The process is running with CompressedOops enabled, and the Java Heap may be blocking the growth of the native heap
# Possible solutions:
#   Reduce memory load on the system
#   Increase physical memory or swap space
#   Check if swap backing store is full
#   Decrease Java heap size (-Xmx/-Xms)
#   Decrease number of Java threads
#   Decrease Java thread stack sizes (-Xss)
#   Set larger code cache with -XX:ReservedCodeCacheSize=
#   JVM is running with Zero Based Compressed Oops mode in which the Java heap is
#     placed in the first 32GB address space. The Java Heap base address is the
#     maximum limit for the native heap growth. Please use -XX:HeapBaseMinAddress
#     to set the Java Heap base and to place the Java Heap above 32GB virtual address.
# This output file may be truncated or incomplete.
#
#  Out of Memory Error (os_windows.cpp:3550), pid=24384, tid=35752
#
# JRE version:  (17.0.7+8) (build )
# Java VM: Java HotSpot(TM) 64-Bit Server VM (17.0.7+8-LTS-224, mixed mode, sharing, tiered, compressed oops, compressed class ptrs, g1 gc, windows-amd64)
# No core dump will be written. Minidumps are not enabled by default on client versions of Windows
#

---------------  S U M M A R Y ------------

Command Line: C:\\Windows\\System32\\personal_use\\node_modules\\node-key-sender\\jar\\key-sender.jar d o n e space

Host: Intel(R) Core(TM) i7-8750H CPU @ 2.20GHz, 12 cores, 15G,  Windows 10 , 64 bit Build 19041 (10.0.19041.3636)
Time: Wed Nov 22 15:27:59 2023 Pacific Standard Time elapsed time: 1.899492 seconds (0d 0h 0m 1s)

---------------  T H R E A D  ---------------

Current thread (0x000001d0922d41c0):  JavaThread "Unknown thread" [_thread_in_vm, id=35752, stack(0x0000009149d00000,0x0000009149e00000)]

Stack: [0x0000009149d00000,0x0000009149e00000]
Native frames: (J=compiled Java code, j=interpreted, Vv=VM code, C=native code)
V  [jvm.dll+0x676a4a]
V  [jvm.dll+0x7d74f4]
V  [jvm.dll+0x7d8c9e]
V  [jvm.dll+0x7d9303]
V  [jvm.dll+0x2452c5]
V  [jvm.dll+0x6738f9]
V  [jvm.dll+0x668232]
V  [jvm.dll+0x302826]
V  [jvm.dll+0x309da6]
V  [jvm.dll+0x35952e]
V  [jvm.dll+0x35975f]
V  [jvm.dll+0x2d9a38]
V  [jvm.dll+0x2da9a4]
V  [jvm.dll+0x7a8fb1]
V  [jvm.dll+0x3670e1]
V  [jvm.dll+0x788359]
V  [jvm.dll+0x3ea5ef]
V  [jvm.dll+0x3ec071]
C  [jli.dll+0x5297]
C  [ucrtbase.dll+0x21bb2]
C  [KERNEL32.DLL+0x17344]
C  [ntdll.dll+0x526b1]


---------------  P R O C E S S  ---------------

Threads class SMR info:
_java_thread_list=0x00007ff8a0eb4998, length=0, elements={
}

Java Threads: ( => current thread )

Other Threads:
  0x000001d092340000 GCTaskThread "GC Thread#0" [stack: 0x0000009149e00000,0x0000009149f00000] [id=33720]
  0x000001d092350a20 ConcurrentGCThread "G1 Main Marker" [stack: 0x0000009149f00000,0x000000914a000000] [id=9828]
  0x000001d092352350 ConcurrentGCThread "G1 Conc#0" [stack: 0x000000914a000000,0x000000914a100000] [id=34668]

[error occurred during error reporting (printing all threads), id 0xc0000005, EXCEPTION_ACCESS_VIOLATION (0xc0000005) at pc=0x00007ff8a06ea697]

VM state: not at safepoint (not fully initialized)

VM Mutex/Monitor currently owned by a thread:  ([mutex/lock_event])
[0x000001d0922cedc0] Heap_lock - owner thread: 0x000001d0922d41c0

Heap address: 0x0000000704200000, size: 4030 MB, Compressed Oops mode: Zero based, Oop shift amount: 3

CDS archive(s) mapped at: [0x0000000000000000-0x0000000000000000-0x0000000000000000), size 0, SharedBaseAddress: 0x0000000800000000, ArchiveRelocationMode: 0.
Narrow klass base: 0x0000000000000000, Narrow klass shift: 0, Narrow klass range: 0x0

GC Precious Log:
<Empty>

Heap:
 garbage-first heap   total 0K, used 0K [0x0000000704200000, 0x0000000800000000)
  region size 2048K, 0 young (0K), 0 survivors (0K)

[error occurred during error reporting (printing heap information), id 0xc0000005, EXCEPTION_ACCESS_VIOLATION (0xc0000005) at pc=0x00007ff8a0ad00b9]

GC Heap History (0 events):
No events

Deoptimization events (0 events):
No events

Classes unloaded (0 events):
No events

Classes redefined (0 events):
No events

Internal exceptions (0 events):
No events

VM Operations (0 events):
No events

Events (1 events):
Event: 0.045 Loaded shared library C:\Program Files\Java\jdk-17\bin\java.dll


Dynamic libraries:
0x00007ff6a6250000 - 0x00007ff6a6260000 	C:\Program Files\Java\jdk-17\bin\java.exe
0x00007ff94f370000 - 0x00007ff94f568000 	C:\WINDOWS\SYSTEM32\ntdll.dll
0x00007ff94f170000 - 0x00007ff94f22d000 	C:\WINDOWS\System32\KERNEL32.DLL
0x00007ff94caa0000 - 0x00007ff94cd96000 	C:\WINDOWS\System32\KERNELBASE.dll
0x00007ff94d2d0000 - 0x00007ff94d3d0000 	C:\WINDOWS\System32\ucrtbase.dll
0x00007ff949c50000 - 0x00007ff949c6b000 	C:\Program Files\Java\jdk-17\bin\VCRUNTIME140.dll
0x00007ff949e60000 - 0x00007ff949e79000 	C:\Program Files\Java\jdk-17\bin\jli.dll
0x00007ff94d700000 - 0x00007ff94d7af000 	C:\WINDOWS\System32\ADVAPI32.dll
0x00007ff94db40000 - 0x00007ff94dbde000 	C:\WINDOWS\System32\msvcrt.dll
0x00007ff94f230000 - 0x00007ff94f2cc000 	C:\WINDOWS\System32\sechost.dll
0x00007ff94da10000 - 0x00007ff94db36000 	C:\WINDOWS\System32\RPCRT4.dll
0x00007ff94e130000 - 0x00007ff94e2ce000 	C:\WINDOWS\System32\USER32.dll
0x00007ff94cf60000 - 0x00007ff94cf82000 	C:\WINDOWS\System32\win32u.dll
0x00007ff94e630000 - 0x00007ff94e65c000 	C:\WINDOWS\System32\GDI32.dll
0x00007ff94cfc0000 - 0x00007ff94d0da000 	C:\WINDOWS\System32\gdi32full.dll
0x00007ff94ce10000 - 0x00007ff94cead000 	C:\WINDOWS\System32\msvcp_win.dll
0x00007ff929cf0000 - 0x00007ff929f8a000 	C:\WINDOWS\WinSxS\amd64_microsoft.windows.common-controls_6595b64144ccf1df_6.0.19041.3636_none_60b6a03d71f818d5\COMCTL32.dll
0x00007ff9421a0000 - 0x00007ff9421aa000 	C:\WINDOWS\SYSTEM32\VERSION.dll
0x00007ff94f070000 - 0x00007ff94f0a0000 	C:\WINDOWS\System32\IMM32.DLL
0x00007ff949ef0000 - 0x00007ff949efc000 	C:\Program Files\Java\jdk-17\bin\vcruntime140_1.dll
0x00007ff928a40000 - 0x00007ff928ace000 	C:\Program Files\Java\jdk-17\bin\msvcp140.dll
0x00007ff8a0400000 - 0x00007ff8a0fdd000 	C:\Program Files\Java\jdk-17\bin\server\jvm.dll
0x00007ff94dbe0000 - 0x00007ff94dbe8000 	C:\WINDOWS\System32\PSAPI.DLL
0x00007ff941850000 - 0x00007ff941859000 	C:\WINDOWS\SYSTEM32\WSOCK32.dll
0x00007ff94e0c0000 - 0x00007ff94e12b000 	C:\WINDOWS\System32\WS2_32.dll
0x00007ff946c00000 - 0x00007ff946c27000 	C:\WINDOWS\SYSTEM32\WINMM.dll
0x00007ff94b250000 - 0x00007ff94b262000 	C:\WINDOWS\SYSTEM32\kernel.appcore.dll
0x00007ff949840000 - 0x00007ff94984a000 	C:\Program Files\Java\jdk-17\bin\jimage.dll
0x00007ff94af80000 - 0x00007ff94b164000 	C:\WINDOWS\SYSTEM32\DBGHELP.DLL
0x00007ff93e710000 - 0x00007ff93e744000 	C:\WINDOWS\SYSTEM32\dbgcore.DLL
0x00007ff94d240000 - 0x00007ff94d2c2000 	C:\WINDOWS\System32\bcryptPrimitives.dll
0x00007ff9497c0000 - 0x00007ff9497e5000 	C:\Program Files\Java\jdk-17\bin\java.dll

dbghelp: loaded successfully - version: 4.0.5 - missing functions: none
symbol engine: initialized successfully - sym options: 0x614 - pdb path: .;C:\Program Files\Java\jdk-17\bin;C:\WINDOWS\SYSTEM32;C:\WINDOWS\WinSxS\amd64_microsoft.windows.common-controls_6595b64144ccf1df_6.0.19041.3636_none_60b6a03d71f818d5;C:\Program Files\Java\jdk-17\bin\server

VM Arguments:
java_command: C:\\Windows\\System32\\personal_use\\node_modules\\node-key-sender\\jar\\key-sender.jar d o n e space
java_class_path (initial): C:\\Windows\\System32\\personal_use\\node_modules\\node-key-sender\\jar\\key-sender.jar
Launcher Type: SUN_STANDARD

[Global flags]
     intx CICompilerCount                          = 4                                         {product} {ergonomic}
     uint ConcGCThreads                            = 3                                         {product} {ergonomic}
     uint G1ConcRefinementThreads                  = 10                                        {product} {ergonomic}
   size_t G1HeapRegionSize                         = 2097152                                   {product} {ergonomic}
    uintx GCDrainStackTargetSize                   = 64                                        {product} {ergonomic}
   size_t InitialHeapSize                          = 264241152                                 {product} {ergonomic}
   size_t MarkStackSize                            = 4194304                                   {product} {ergonomic}
   size_t MaxHeapSize                              = 4225761280                                {product} {ergonomic}
   size_t MinHeapDeltaBytes                        = 2097152                                   {product} {ergonomic}
   size_t MinHeapSize                              = 8388608                                   {product} {ergonomic}
    uintx NonNMethodCodeHeapSize                   = 5839372                                {pd product} {ergonomic}
    uintx NonProfiledCodeHeapSize                  = 122909434                              {pd product} {ergonomic}
    uintx ProfiledCodeHeapSize                     = 122909434                              {pd product} {ergonomic}
    uintx ReservedCodeCacheSize                    = 251658240                              {pd product} {ergonomic}
     bool SegmentedCodeCache                       = true                                      {product} {ergonomic}
   size_t SoftMaxHeapSize                          = 4225761280                             {manageable} {ergonomic}
     bool UseCompressedClassPointers               = true                           {product lp64_product} {ergonomic}
     bool UseCompressedOops                        = true                           {product lp64_product} {ergonomic}
     bool UseG1GC                                  = true                                      {product} {ergonomic}
     bool UseLargePagesIndividualAllocation        = false                                  {pd product} {ergonomic}

Logging:
Log output configuration:
 #0: stdout all=warning uptime,level,tags
 #1: stderr all=off uptime,level,tags

Environment Variables:
PATH=C:\Windows\System32\personal_use\node_modules\.bin;C:\Windows\System32\node_modules\.bin;C:\Windows\node_modules\.bin;C:\node_modules\.bin;C:\Program Files\nodejs\node_modules\npm\node_modules\@npmcli\run-script\lib\node-gyp-bin;C:\Python312\Scripts\;C:\Python312\;C:\Program Files\Common Files\Oracle\Java\javapath;C:\Program Files (x86)\Common Files\Oracle\Java\javapath;C:\Program Files (x86)\Intel\Intel(R) Management Engine Components\iCLS\;C:\Program Files\Intel\Intel(R) Management Engine Components\iCLS\;C:\Windows\system32;C:\Windows;C:\Windows\System32\Wbem;C:\Windows\System32\WindowsPowerShell\v1.0\;C:\Windows\System32\OpenSSH\;C:\Program Files (x86)\NVIDIA Corporation\PhysX\Common;C:\WINDOWS\system32;C:\WINDOWS;C:\Users\hamza\Downloads\chromedriver_win32 (1);C:\WINDOWS\System32\Wbem;C:\WINDOWS\System32\WindowsPowerShell\v1.0\;C:\WINDOWS\System32\OpenSSH\;C:\Program Files\Git\cmd;C:\Program Files (x86)\NetSarang\Xshell 7\;C:\Program Files (x86)\NetSarang\Xftp 7\;C:\Program Files\MATLAB\R2021a\runtime\win64;C:\Program Files\MATLAB\R2021a\bin;C:\ffmpeg\bin;C:\ffmpeg;C:\Program Files\PuTTY\;C:\Program Files (x86)\Toshiba\Bluetooth Toshiba Stack\sys\;C:\Program Files (x86)\Toshiba\Bluetooth Toshiba Stack\sys\x64\;C:\Python27;C:\bin;C:\Program Files\dotnet\;C:\Program Files\Amazon\AWSCLIV2\;C:\Program Files\Docker\Docker\resources\bin;C:\ProgramData\DockerDesktop\version-bin;C:\ediabas\bin;C:\Program Files\Microsoft SQL Server\150\Tools\Binn\;C:\Program Files\Microsoft SQL Server\Client SDK\ODBC\170\Tools\Binn\;C:\Program Files (x86)\Microsoft SQL Server\160\DTS\Binn\;C:\Program Files\Azure Data Studio\bin;C:\ProgramData\chocolatey\bin;C:\Program Files\nodejs\;C:\Program Files\NVIDIA Corporation\NVIDIA NvDLISR;C:\Users\hamza\AppData\Local\Microsoft\WindowsApps;C:\Users\hamza\AppData\Local\Programs\Microsoft VS Code\bin;C:\Users\hamza\AppData\Local\GitHubD;C:\Program Files\JetBrains\PyCharm Community Edition 2023.1.1\bin;C:\Users\hamza\.dotnet\tools;C:\Users\hamza
USERNAME=hamza
OS=Windows_NT
PROCESSOR_IDENTIFIER=Intel64 Family 6 Model 158 Stepping 10, GenuineIntel



---------------  S Y S T E M  ---------------

OS:
 Windows 10 , 64 bit Build 19041 (10.0.19041.3636)
OS uptime: 4 days 20:15 hours
Hyper-V role detected

CPU: total 12 (initial active 12) (6 cores per cpu, 2 threads per core) family 6 model 158 stepping 10 microcode 0xea, cx8, cmov, fxsr, ht, mmx, 3dnowpref, sse, sse2, sse3, ssse3, sse4.1, sse4.2, popcnt, lzcnt, tsc, tscinvbit, avx, avx2, aes, erms, clmul, bmi1, bmi2, adx, fma, vzeroupper, clflush, clflushopt, hv

Memory: 4k page, system-wide physical 16118M (2557M free)
TotalPageFile size 31241M (AvailPageFile size 405M)
current process WorkingSet (physical memory assigned to process): 10M, peak: 10M
current process commit charge ("private bytes"): 64M, peak: 316M

vm_info: Java HotSpot(TM) 64-Bit Server VM (17.0.7+8-LTS-224) for windows-amd64 JRE (17.0.7+8-LTS-224), built on Feb 28 2023 23:03:02 by "mach5one" with MS VC++ 17.1 (VS2022)

END.
