#
# There is insufficient memory for the Java Runtime Environment to continue.
# Native memory allocation (mmap) failed to map 65536 bytes for Failed to commit metaspace.
# Possible reasons:
#   The system is out of physical RAM or swap space
#   The process is running with CompressedOops enabled, and the Java Heap may be blocking the growth of the native heap
# Possible solutions:
#   Reduce memory load on the system
#   Increase physical memory or swap space
#   Check if swap backing store is full
#   Decrease Java heap size (-Xmx/-Xms)
#   Decrease number of Java threads
#   Decrease Java thread stack sizes (-Xss)
#   Set larger code cache with -XX:ReservedCodeCacheSize=
#   JVM is running with Zero Based Compressed Oops mode in which the Java heap is
#     placed in the first 32GB address space. The Java Heap base address is the
#     maximum limit for the native heap growth. Please use -XX:HeapBaseMinAddress
#     to set the Java Heap base and to place the Java Heap above 32GB virtual address.
# This output file may be truncated or incomplete.
#
#  Out of Memory Error (virtualSpaceNode.cpp:110), pid=10520, tid=35640
#
# JRE version: Java(TM) SE Runtime Environment (17.0.7+8) (build 17.0.7+8-LTS-224)
# Java VM: Java HotSpot(TM) 64-Bit Server VM (17.0.7+8-LTS-224, mixed mode, sharing, tiered, compressed oops, compressed class ptrs, g1 gc, windows-amd64)
# No core dump will be written. Minidumps are not enabled by default on client versions of Windows
#

---------------  S U M M A R Y ------------

Command Line: C:\\Windows\\System32\\personal_use\\node_modules\\node-key-sender\\jar\\key-sender.jar d o n e space

Host: Intel(R) Core(TM) i7-8750H CPU @ 2.20GHz, 12 cores, 15G,  Windows 10 , 64 bit Build 19041 (10.0.19041.3636)
Time: Wed Nov 22 15:27:59 2023 Pacific Standard Time elapsed time: 1.954815 seconds (0d 0h 0m 1s)

---------------  T H R E A D  ---------------

Current thread (0x000001eb3d842e60):  JavaThread "main" [_thread_in_vm, id=35640, stack(0x00000018a7200000,0x00000018a7300000)]

Stack: [0x00000018a7200000,0x00000018a7300000]
Native frames: (J=compiled Java code, j=interpreted, Vv=VM code, C=native code)
V  [jvm.dll+0x676a4a]
V  [jvm.dll+0x7d74f4]
V  [jvm.dll+0x7d8c9e]
V  [jvm.dll+0x7d9303]
V  [jvm.dll+0x2452c5]
V  [jvm.dll+0x7d35fb]
V  [jvm.dll+0x61ca36]
V  [jvm.dll+0x61ca9a]
V  [jvm.dll+0x61f2bd]
V  [jvm.dll+0x61d3f6]
V  [jvm.dll+0x62e0c9]
V  [jvm.dll+0x6273e4]
V  [jvm.dll+0x37d641]
C  0x000001eb4de0c711

Java frames: (J=compiled Java code, j=interpreted, Vv=VM code)
j  jdk.internal.loader.AbstractClassLoaderValue.putIfAbsent(Ljava/lang/ClassLoader;Ljava/lang/Object;)Ljava/lang/Object;+0 java.base
j  jdk.internal.module.ServicesCatalog.getServicesCatalog(Ljava/lang/ClassLoader;)Ljdk/internal/module/ServicesCatalog;+24 java.base
j  jdk.internal.loader.ArchivedClassLoaders.<init>()V+42 java.base
j  jdk.internal.loader.ArchivedClassLoaders.archive()V+4 java.base
j  jdk.internal.loader.ClassLoaders.<clinit>()V+192 java.base
v  ~StubRoutines::call_stub
j  jdk.internal.loader.BootLoader.loadModule(Ljava/lang/module/ModuleReference;)V+0 java.base
j  jdk.internal.module.ModuleBootstrap.boot2()Ljava/lang/ModuleLayer;+352 java.base
j  jdk.internal.module.ModuleBootstrap.boot()Ljava/lang/ModuleLayer;+64 java.base
j  java.lang.System.initPhase2(ZZ)I+0 java.base
v  ~StubRoutines::call_stub

---------------  P R O C E S S  ---------------

Threads class SMR info:
_java_thread_list=0x000001eb62807bf0, length=10, elements={
0x000001eb3d842e60, 0x000001eb627fdae0, 0x000001eb627fe950, 0x000001eb62811760,
0x000001eb62813230, 0x000001eb62815bf0, 0x000001eb628165a0, 0x000001eb62817330,
0x000001eb62817dd0, 0x000001eb6281a7d0
}

Java Threads: ( => current thread )
=>0x000001eb3d842e60 JavaThread "main" [_thread_in_vm, id=35640, stack(0x00000018a7200000,0x00000018a7300000)]
  0x000001eb627fdae0 JavaThread "Reference Handler" daemon [_thread_blocked, id=14212, stack(0x00000018a7900000,0x00000018a7a00000)]
  0x000001eb627fe950 JavaThread "Finalizer" daemon [_thread_blocked, id=33224, stack(0x00000018a7a00000,0x00000018a7b00000)]
  0x000001eb62811760 JavaThread "Signal Dispatcher" daemon [_thread_blocked, id=33472, stack(0x00000018a7b00000,0x00000018a7c00000)]
  0x000001eb62813230 JavaThread "Attach Listener" daemon [_thread_blocked, id=20156, stack(0x00000018a7c00000,0x00000018a7d00000)]
  0x000001eb62815bf0 JavaThread "Service Thread" daemon [_thread_blocked, id=12632, stack(0x00000018a7d00000,0x00000018a7e00000)]
  0x000001eb628165a0 JavaThread "Monitor Deflation Thread" daemon [_thread_blocked, id=30328, stack(0x00000018a7e00000,0x00000018a7f00000)]
  0x000001eb62817330 JavaThread "C2 CompilerThread0" daemon [_thread_blocked, id=31552, stack(0x00000018a7f00000,0x00000018a8000000)]
  0x000001eb62817dd0 JavaThread "C1 CompilerThread0" daemon [_thread_blocked, id=31556, stack(0x00000018a8000000,0x00000018a8100000)]
  0x000001eb6281a7d0 JavaThread "Sweeper thread" daemon [_thread_blocked, id=31592, stack(0x00000018a8100000,0x00000018a8200000)]

Other Threads:
  0x000001eb627f6a80 VMThread "VM Thread" [stack: 0x00000018a7800000,0x00000018a7900000] [id=22868]
  0x000001eb3d8addd0 GCTaskThread "GC Thread#0" [stack: 0x00000018a7300000,0x00000018a7400000] [id=35708]
  0x000001eb3d8be8e0 ConcurrentGCThread "G1 Main Marker" [stack: 0x00000018a7400000,0x00000018a7500000] [id=35712]
  0x000001eb3d8bf2f0 ConcurrentGCThread "G1 Conc#0" [stack: 0x00000018a7500000,0x00000018a7600000] [id=35716]
  0x000001eb626b34e0 ConcurrentGCThread "G1 Refine#0" [stack: 0x00000018a7600000,0x00000018a7700000] [id=7940]
  0x000001eb626b3f00 ConcurrentGCThread "G1 Service" [stack: 0x00000018a7700000,0x00000018a7800000] [id=14852]

Threads with active compile tasks:

VM state: not at safepoint (normal execution)

VM Mutex/Monitor currently owned by a thread:  ([mutex/lock_event])
[0x000001eb3d83d3e0] Metaspace_lock - owner thread: 0x000001eb3d842e60

Heap address: 0x0000000704200000, size: 4030 MB, Compressed Oops mode: Zero based, Oop shift amount: 3

CDS archive(s) mapped at: [0x0000000800000000-0x0000000800bd0000-0x0000000800bd0000), size 12386304, SharedBaseAddress: 0x0000000800000000, ArchiveRelocationMode: 0.
Compressed class space mapped at: 0x0000000800c00000-0x0000000840c00000, reserved size: 1073741824
Narrow klass base: 0x0000000800000000, Narrow klass shift: 0, Narrow klass range: 0x100000000

GC Precious Log:
 CPUs: 12 total, 12 available
 Memory: 16118M
 Large Page Support: Disabled
 NUMA Support: Disabled
 Compressed Oops: Enabled (Zero based)
 Heap Region Size: 2M
 Heap Min Capacity: 8M
 Heap Initial Capacity: 252M
 Heap Max Capacity: 4030M
 Pre-touch: Disabled
 Parallel Workers: 10
 Concurrent Workers: 3
 Concurrent Refinement Workers: 10
 Periodic GC: Disabled

Heap:
 garbage-first heap   total 258048K, used 0K [0x0000000704200000, 0x0000000800000000)
  region size 2048K, 1 young (2048K), 0 survivors (0K)
 Metaspace       used 64K, committed 128K, reserved 1056768K
  class space    used 0K, committed 64K, reserved 1048576K

Heap Regions: E=young(eden), S=young(survivor), O=old, HS=humongous(starts), HC=humongous(continues), CS=collection set, F=free, OA=open archive, CA=closed archive, TAMS=top-at-mark-start (previous, next)
|   0|0x0000000704200000, 0x0000000704200000, 0x0000000704400000|  0%| F|  |TAMS 0x0000000704200000, 0x0000000704200000| Untracked 
|   1|0x0000000704400000, 0x0000000704400000, 0x0000000704600000|  0%| F|  |TAMS 0x0000000704400000, 0x0000000704400000| Untracked 
|   2|0x0000000704600000, 0x0000000704600000, 0x0000000704800000|  0%| F|  |TAMS 0x0000000704600000, 0x0000000704600000| Untracked 
|   3|0x0000000704800000, 0x0000000704800000, 0x0000000704a00000|  0%| F|  |TAMS 0x0000000704800000, 0x0000000704800000| Untracked 
|   4|0x0000000704a00000, 0x0000000704a00000, 0x0000000704c00000|  0%| F|  |TAMS 0x0000000704a00000, 0x0000000704a00000| Untracked 
|   5|0x0000000704c00000, 0x0000000704c00000, 0x0000000704e00000|  0%| F|  |TAMS 0x0000000704c00000, 0x0000000704c00000| Untracked 
|   6|0x0000000704e00000, 0x0000000704e00000, 0x0000000705000000|  0%| F|  |TAMS 0x0000000704e00000, 0x0000000704e00000| Untracked 
|   7|0x0000000705000000, 0x0000000705000000, 0x0000000705200000|  0%| F|  |TAMS 0x0000000705000000, 0x0000000705000000| Untracked 
|   8|0x0000000705200000, 0x0000000705200000, 0x0000000705400000|  0%| F|  |TAMS 0x0000000705200000, 0x0000000705200000| Untracked 
|   9|0x0000000705400000, 0x0000000705400000, 0x0000000705600000|  0%| F|  |TAMS 0x0000000705400000, 0x0000000705400000| Untracked 
|  10|0x0000000705600000, 0x0000000705600000, 0x0000000705800000|  0%| F|  |TAMS 0x0000000705600000, 0x0000000705600000| Untracked 
|  11|0x0000000705800000, 0x0000000705800000, 0x0000000705a00000|  0%| F|  |TAMS 0x0000000705800000, 0x0000000705800000| Untracked 
|  12|0x0000000705a00000, 0x0000000705a00000, 0x0000000705c00000|  0%| F|  |TAMS 0x0000000705a00000, 0x0000000705a00000| Untracked 
|  13|0x0000000705c00000, 0x0000000705c00000, 0x0000000705e00000|  0%| F|  |TAMS 0x0000000705c00000, 0x0000000705c00000| Untracked 
|  14|0x0000000705e00000, 0x0000000705e00000, 0x0000000706000000|  0%| F|  |TAMS 0x0000000705e00000, 0x0000000705e00000| Untracked 
|  15|0x0000000706000000, 0x0000000706000000, 0x0000000706200000|  0%| F|  |TAMS 0x0000000706000000, 0x0000000706000000| Untracked 
|  16|0x0000000706200000, 0x0000000706200000, 0x0000000706400000|  0%| F|  |TAMS 0x0000000706200000, 0x0000000706200000| Untracked 
|  17|0x0000000706400000, 0x0000000706400000, 0x0000000706600000|  0%| F|  |TAMS 0x0000000706400000, 0x0000000706400000| Untracked 
|  18|0x0000000706600000, 0x0000000706600000, 0x0000000706800000|  0%| F|  |TAMS 0x0000000706600000, 0x0000000706600000| Untracked 
|  19|0x0000000706800000, 0x0000000706800000, 0x0000000706a00000|  0%| F|  |TAMS 0x0000000706800000, 0x0000000706800000| Untracked 
|  20|0x0000000706a00000, 0x0000000706a00000, 0x0000000706c00000|  0%| F|  |TAMS 0x0000000706a00000, 0x0000000706a00000| Untracked 
|  21|0x0000000706c00000, 0x0000000706c00000, 0x0000000706e00000|  0%| F|  |TAMS 0x0000000706c00000, 0x0000000706c00000| Untracked 
|  22|0x0000000706e00000, 0x0000000706e00000, 0x0000000707000000|  0%| F|  |TAMS 0x0000000706e00000, 0x0000000706e00000| Untracked 
|  23|0x0000000707000000, 0x0000000707000000, 0x0000000707200000|  0%| F|  |TAMS 0x0000000707000000, 0x0000000707000000| Untracked 
|  24|0x0000000707200000, 0x0000000707200000, 0x0000000707400000|  0%| F|  |TAMS 0x0000000707200000, 0x0000000707200000| Untracked 
|  25|0x0000000707400000, 0x0000000707400000, 0x0000000707600000|  0%| F|  |TAMS 0x0000000707400000, 0x0000000707400000| Untracked 
|  26|0x0000000707600000, 0x0000000707600000, 0x0000000707800000|  0%| F|  |TAMS 0x0000000707600000, 0x0000000707600000| Untracked 
|  27|0x0000000707800000, 0x0000000707800000, 0x0000000707a00000|  0%| F|  |TAMS 0x0000000707800000, 0x0000000707800000| Untracked 
|  28|0x0000000707a00000, 0x0000000707a00000, 0x0000000707c00000|  0%| F|  |TAMS 0x0000000707a00000, 0x0000000707a00000| Untracked 
|  29|0x0000000707c00000, 0x0000000707c00000, 0x0000000707e00000|  0%| F|  |TAMS 0x0000000707c00000, 0x0000000707c00000| Untracked 
|  30|0x0000000707e00000, 0x0000000707e00000, 0x0000000708000000|  0%| F|  |TAMS 0x0000000707e00000, 0x0000000707e00000| Untracked 
|  31|0x0000000708000000, 0x0000000708000000, 0x0000000708200000|  0%| F|  |TAMS 0x0000000708000000, 0x0000000708000000| Untracked 
|  32|0x0000000708200000, 0x0000000708200000, 0x0000000708400000|  0%| F|  |TAMS 0x0000000708200000, 0x0000000708200000| Untracked 
|  33|0x0000000708400000, 0x0000000708400000, 0x0000000708600000|  0%| F|  |TAMS 0x0000000708400000, 0x0000000708400000| Untracked 
|  34|0x0000000708600000, 0x0000000708600000, 0x0000000708800000|  0%| F|  |TAMS 0x0000000708600000, 0x0000000708600000| Untracked 
|  35|0x0000000708800000, 0x0000000708800000, 0x0000000708a00000|  0%| F|  |TAMS 0x0000000708800000, 0x0000000708800000| Untracked 
|  36|0x0000000708a00000, 0x0000000708a00000, 0x0000000708c00000|  0%| F|  |TAMS 0x0000000708a00000, 0x0000000708a00000| Untracked 
|  37|0x0000000708c00000, 0x0000000708c00000, 0x0000000708e00000|  0%| F|  |TAMS 0x0000000708c00000, 0x0000000708c00000| Untracked 
|  38|0x0000000708e00000, 0x0000000708e00000, 0x0000000709000000|  0%| F|  |TAMS 0x0000000708e00000, 0x0000000708e00000| Untracked 
|  39|0x0000000709000000, 0x0000000709000000, 0x0000000709200000|  0%| F|  |TAMS 0x0000000709000000, 0x0000000709000000| Untracked 
|  40|0x0000000709200000, 0x0000000709200000, 0x0000000709400000|  0%| F|  |TAMS 0x0000000709200000, 0x0000000709200000| Untracked 
|  41|0x0000000709400000, 0x0000000709400000, 0x0000000709600000|  0%| F|  |TAMS 0x0000000709400000, 0x0000000709400000| Untracked 
|  42|0x0000000709600000, 0x0000000709600000, 0x0000000709800000|  0%| F|  |TAMS 0x0000000709600000, 0x0000000709600000| Untracked 
|  43|0x0000000709800000, 0x0000000709800000, 0x0000000709a00000|  0%| F|  |TAMS 0x0000000709800000, 0x0000000709800000| Untracked 
|  44|0x0000000709a00000, 0x0000000709a00000, 0x0000000709c00000|  0%| F|  |TAMS 0x0000000709a00000, 0x0000000709a00000| Untracked 
|  45|0x0000000709c00000, 0x0000000709c00000, 0x0000000709e00000|  0%| F|  |TAMS 0x0000000709c00000, 0x0000000709c00000| Untracked 
|  46|0x0000000709e00000, 0x0000000709e00000, 0x000000070a000000|  0%| F|  |TAMS 0x0000000709e00000, 0x0000000709e00000| Untracked 
|  47|0x000000070a000000, 0x000000070a000000, 0x000000070a200000|  0%| F|  |TAMS 0x000000070a000000, 0x000000070a000000| Untracked 
|  48|0x000000070a200000, 0x000000070a200000, 0x000000070a400000|  0%| F|  |TAMS 0x000000070a200000, 0x000000070a200000| Untracked 
|  49|0x000000070a400000, 0x000000070a400000, 0x000000070a600000|  0%| F|  |TAMS 0x000000070a400000, 0x000000070a400000| Untracked 
|  50|0x000000070a600000, 0x000000070a600000, 0x000000070a800000|  0%| F|  |TAMS 0x000000070a600000, 0x000000070a600000| Untracked 
|  51|0x000000070a800000, 0x000000070a800000, 0x000000070aa00000|  0%| F|  |TAMS 0x000000070a800000, 0x000000070a800000| Untracked 
|  52|0x000000070aa00000, 0x000000070aa00000, 0x000000070ac00000|  0%| F|  |TAMS 0x000000070aa00000, 0x000000070aa00000| Untracked 
|  53|0x000000070ac00000, 0x000000070ac00000, 0x000000070ae00000|  0%| F|  |TAMS 0x000000070ac00000, 0x000000070ac00000| Untracked 
|  54|0x000000070ae00000, 0x000000070ae00000, 0x000000070b000000|  0%| F|  |TAMS 0x000000070ae00000, 0x000000070ae00000| Untracked 
|  55|0x000000070b000000, 0x000000070b000000, 0x000000070b200000|  0%| F|  |TAMS 0x000000070b000000, 0x000000070b000000| Untracked 
|  56|0x000000070b200000, 0x000000070b200000, 0x000000070b400000|  0%| F|  |TAMS 0x000000070b200000, 0x000000070b200000| Untracked 
|  57|0x000000070b400000, 0x000000070b400000, 0x000000070b600000|  0%| F|  |TAMS 0x000000070b400000, 0x000000070b400000| Untracked 
|  58|0x000000070b600000, 0x000000070b600000, 0x000000070b800000|  0%| F|  |TAMS 0x000000070b600000, 0x000000070b600000| Untracked 
|  59|0x000000070b800000, 0x000000070b800000, 0x000000070ba00000|  0%| F|  |TAMS 0x000000070b800000, 0x000000070b800000| Untracked 
|  60|0x000000070ba00000, 0x000000070ba00000, 0x000000070bc00000|  0%| F|  |TAMS 0x000000070ba00000, 0x000000070ba00000| Untracked 
|  61|0x000000070bc00000, 0x000000070bc00000, 0x000000070be00000|  0%| F|  |TAMS 0x000000070bc00000, 0x000000070bc00000| Untracked 
|  62|0x000000070be00000, 0x000000070be00000, 0x000000070c000000|  0%| F|  |TAMS 0x000000070be00000, 0x000000070be00000| Untracked 
|  63|0x000000070c000000, 0x000000070c000000, 0x000000070c200000|  0%| F|  |TAMS 0x000000070c000000, 0x000000070c000000| Untracked 
|  64|0x000000070c200000, 0x000000070c200000, 0x000000070c400000|  0%| F|  |TAMS 0x000000070c200000, 0x000000070c200000| Untracked 
|  65|0x000000070c400000, 0x000000070c400000, 0x000000070c600000|  0%| F|  |TAMS 0x000000070c400000, 0x000000070c400000| Untracked 
|  66|0x000000070c600000, 0x000000070c600000, 0x000000070c800000|  0%| F|  |TAMS 0x000000070c600000, 0x000000070c600000| Untracked 
|  67|0x000000070c800000, 0x000000070c800000, 0x000000070ca00000|  0%| F|  |TAMS 0x000000070c800000, 0x000000070c800000| Untracked 
|  68|0x000000070ca00000, 0x000000070ca00000, 0x000000070cc00000|  0%| F|  |TAMS 0x000000070ca00000, 0x000000070ca00000| Untracked 
|  69|0x000000070cc00000, 0x000000070cc00000, 0x000000070ce00000|  0%| F|  |TAMS 0x000000070cc00000, 0x000000070cc00000| Untracked 
|  70|0x000000070ce00000, 0x000000070ce00000, 0x000000070d000000|  0%| F|  |TAMS 0x000000070ce00000, 0x000000070ce00000| Untracked 
|  71|0x000000070d000000, 0x000000070d000000, 0x000000070d200000|  0%| F|  |TAMS 0x000000070d000000, 0x000000070d000000| Untracked 
|  72|0x000000070d200000, 0x000000070d200000, 0x000000070d400000|  0%| F|  |TAMS 0x000000070d200000, 0x000000070d200000| Untracked 
|  73|0x000000070d400000, 0x000000070d400000, 0x000000070d600000|  0%| F|  |TAMS 0x000000070d400000, 0x000000070d400000| Untracked 
|  74|0x000000070d600000, 0x000000070d600000, 0x000000070d800000|  0%| F|  |TAMS 0x000000070d600000, 0x000000070d600000| Untracked 
|  75|0x000000070d800000, 0x000000070d800000, 0x000000070da00000|  0%| F|  |TAMS 0x000000070d800000, 0x000000070d800000| Untracked 
|  76|0x000000070da00000, 0x000000070da00000, 0x000000070dc00000|  0%| F|  |TAMS 0x000000070da00000, 0x000000070da00000| Untracked 
|  77|0x000000070dc00000, 0x000000070dc00000, 0x000000070de00000|  0%| F|  |TAMS 0x000000070dc00000, 0x000000070dc00000| Untracked 
|  78|0x000000070de00000, 0x000000070de00000, 0x000000070e000000|  0%| F|  |TAMS 0x000000070de00000, 0x000000070de00000| Untracked 
|  79|0x000000070e000000, 0x000000070e000000, 0x000000070e200000|  0%| F|  |TAMS 0x000000070e000000, 0x000000070e000000| Untracked 
|  80|0x000000070e200000, 0x000000070e200000, 0x000000070e400000|  0%| F|  |TAMS 0x000000070e200000, 0x000000070e200000| Untracked 
|  81|0x000000070e400000, 0x000000070e400000, 0x000000070e600000|  0%| F|  |TAMS 0x000000070e400000, 0x000000070e400000| Untracked 
|  82|0x000000070e600000, 0x000000070e600000, 0x000000070e800000|  0%| F|  |TAMS 0x000000070e600000, 0x000000070e600000| Untracked 
|  83|0x000000070e800000, 0x000000070e800000, 0x000000070ea00000|  0%| F|  |TAMS 0x000000070e800000, 0x000000070e800000| Untracked 
|  84|0x000000070ea00000, 0x000000070ea00000, 0x000000070ec00000|  0%| F|  |TAMS 0x000000070ea00000, 0x000000070ea00000| Untracked 
|  85|0x000000070ec00000, 0x000000070ec00000, 0x000000070ee00000|  0%| F|  |TAMS 0x000000070ec00000, 0x000000070ec00000| Untracked 
|  86|0x000000070ee00000, 0x000000070ee00000, 0x000000070f000000|  0%| F|  |TAMS 0x000000070ee00000, 0x000000070ee00000| Untracked 
|  87|0x000000070f000000, 0x000000070f000000, 0x000000070f200000|  0%| F|  |TAMS 0x000000070f000000, 0x000000070f000000| Untracked 
|  88|0x000000070f200000, 0x000000070f200000, 0x000000070f400000|  0%| F|  |TAMS 0x000000070f200000, 0x000000070f200000| Untracked 
|  89|0x000000070f400000, 0x000000070f400000, 0x000000070f600000|  0%| F|  |TAMS 0x000000070f400000, 0x000000070f400000| Untracked 
|  90|0x000000070f600000, 0x000000070f600000, 0x000000070f800000|  0%| F|  |TAMS 0x000000070f600000, 0x000000070f600000| Untracked 
|  91|0x000000070f800000, 0x000000070f800000, 0x000000070fa00000|  0%| F|  |TAMS 0x000000070f800000, 0x000000070f800000| Untracked 
|  92|0x000000070fa00000, 0x000000070fa00000, 0x000000070fc00000|  0%| F|  |TAMS 0x000000070fa00000, 0x000000070fa00000| Untracked 
|  93|0x000000070fc00000, 0x000000070fc00000, 0x000000070fe00000|  0%| F|  |TAMS 0x000000070fc00000, 0x000000070fc00000| Untracked 
|  94|0x000000070fe00000, 0x000000070fe00000, 0x0000000710000000|  0%| F|  |TAMS 0x000000070fe00000, 0x000000070fe00000| Untracked 
|  95|0x0000000710000000, 0x0000000710000000, 0x0000000710200000|  0%| F|  |TAMS 0x0000000710000000, 0x0000000710000000| Untracked 
|  96|0x0000000710200000, 0x0000000710200000, 0x0000000710400000|  0%| F|  |TAMS 0x0000000710200000, 0x0000000710200000| Untracked 
|  97|0x0000000710400000, 0x0000000710400000, 0x0000000710600000|  0%| F|  |TAMS 0x0000000710400000, 0x0000000710400000| Untracked 
|  98|0x0000000710600000, 0x0000000710600000, 0x0000000710800000|  0%| F|  |TAMS 0x0000000710600000, 0x0000000710600000| Untracked 
|  99|0x0000000710800000, 0x0000000710800000, 0x0000000710a00000|  0%| F|  |TAMS 0x0000000710800000, 0x0000000710800000| Untracked 
| 100|0x0000000710a00000, 0x0000000710a00000, 0x0000000710c00000|  0%| F|  |TAMS 0x0000000710a00000, 0x0000000710a00000| Untracked 
| 101|0x0000000710c00000, 0x0000000710c00000, 0x0000000710e00000|  0%| F|  |TAMS 0x0000000710c00000, 0x0000000710c00000| Untracked 
| 102|0x0000000710e00000, 0x0000000710e00000, 0x0000000711000000|  0%| F|  |TAMS 0x0000000710e00000, 0x0000000710e00000| Untracked 
| 103|0x0000000711000000, 0x0000000711000000, 0x0000000711200000|  0%| F|  |TAMS 0x0000000711000000, 0x0000000711000000| Untracked 
| 104|0x0000000711200000, 0x0000000711200000, 0x0000000711400000|  0%| F|  |TAMS 0x0000000711200000, 0x0000000711200000| Untracked 
| 105|0x0000000711400000, 0x0000000711400000, 0x0000000711600000|  0%| F|  |TAMS 0x0000000711400000, 0x0000000711400000| Untracked 
| 106|0x0000000711600000, 0x0000000711600000, 0x0000000711800000|  0%| F|  |TAMS 0x0000000711600000, 0x0000000711600000| Untracked 
| 107|0x0000000711800000, 0x0000000711800000, 0x0000000711a00000|  0%| F|  |TAMS 0x0000000711800000, 0x0000000711800000| Untracked 
| 108|0x0000000711a00000, 0x0000000711a00000, 0x0000000711c00000|  0%| F|  |TAMS 0x0000000711a00000, 0x0000000711a00000| Untracked 
| 109|0x0000000711c00000, 0x0000000711c00000, 0x0000000711e00000|  0%| F|  |TAMS 0x0000000711c00000, 0x0000000711c00000| Untracked 
| 110|0x0000000711e00000, 0x0000000711e00000, 0x0000000712000000|  0%| F|  |TAMS 0x0000000711e00000, 0x0000000711e00000| Untracked 
| 111|0x0000000712000000, 0x0000000712000000, 0x0000000712200000|  0%| F|  |TAMS 0x0000000712000000, 0x0000000712000000| Untracked 
| 112|0x0000000712200000, 0x0000000712200000, 0x0000000712400000|  0%| F|  |TAMS 0x0000000712200000, 0x0000000712200000| Untracked 
| 113|0x0000000712400000, 0x0000000712400000, 0x0000000712600000|  0%| F|  |TAMS 0x0000000712400000, 0x0000000712400000| Untracked 
| 114|0x0000000712600000, 0x0000000712600000, 0x0000000712800000|  0%| F|  |TAMS 0x0000000712600000, 0x0000000712600000| Untracked 
| 115|0x0000000712800000, 0x0000000712800000, 0x0000000712a00000|  0%| F|  |TAMS 0x0000000712800000, 0x0000000712800000| Untracked 
| 116|0x0000000712a00000, 0x0000000712a00000, 0x0000000712c00000|  0%| F|  |TAMS 0x0000000712a00000, 0x0000000712a00000| Untracked 
| 117|0x0000000712c00000, 0x0000000712c00000, 0x0000000712e00000|  0%| F|  |TAMS 0x0000000712c00000, 0x0000000712c00000| Untracked 
| 118|0x0000000712e00000, 0x0000000712e00000, 0x0000000713000000|  0%| F|  |TAMS 0x0000000712e00000, 0x0000000712e00000| Untracked 
| 119|0x0000000713000000, 0x0000000713000000, 0x0000000713200000|  0%| F|  |TAMS 0x0000000713000000, 0x0000000713000000| Untracked 
| 120|0x0000000713200000, 0x0000000713200000, 0x0000000713400000|  0%| F|  |TAMS 0x0000000713200000, 0x0000000713200000| Untracked 
| 121|0x0000000713400000, 0x0000000713400000, 0x0000000713600000|  0%| F|  |TAMS 0x0000000713400000, 0x0000000713400000| Untracked 
| 122|0x0000000713600000, 0x0000000713600000, 0x0000000713800000|  0%| F|  |TAMS 0x0000000713600000, 0x0000000713600000| Untracked 
| 123|0x0000000713800000, 0x0000000713800000, 0x0000000713a00000|  0%| F|  |TAMS 0x0000000713800000, 0x0000000713800000| Untracked 
| 124|0x0000000713a00000, 0x0000000713a00000, 0x0000000713c00000|  0%| F|  |TAMS 0x0000000713a00000, 0x0000000713a00000| Untracked 
| 125|0x0000000713c00000, 0x0000000713ce1558, 0x0000000713e00000| 44%| E|  |TAMS 0x0000000713c00000, 0x0000000713c00000| Complete 

Card table byte_map: [0x000001eb56d30000,0x000001eb57510000] _byte_map_base: 0x000001eb5350f000

Marking Bits (Prev, Next): (CMBitMap*) 0x000001eb3d8ae3e0, (CMBitMap*) 0x000001eb3d8ae420
 Prev Bits: [0x000001eb57cf0000, 0x000001eb5bbe8000)
 Next Bits: [0x000001eb5bbf0000, 0x000001eb5fae8000)

Polling page: 0x000001eb3d920000

Metaspace:

Usage:
  Non-class:     64.00 KB used.
      Class:    992 bytes used.
       Both:     64.97 KB used.

Virtual space:
  Non-class space:        8.00 MB reserved,      64.00 KB ( <1%) committed,  1 nodes.
      Class space:        1.00 GB reserved,      64.00 KB ( <1%) committed,  1 nodes.
             Both:        1.01 GB reserved,     128.00 KB ( <1%) committed. 

Chunk freelists:
   Non-Class:  0 bytes
       Class:  3.75 MB
        Both:  3.75 MB

MaxMetaspaceSize: unlimited
CompressedClassSpaceSize: 1.00 GB
Initial GC threshold: 21.00 MB
Current GC threshold: 21.00 MB
CDS: on
MetaspaceReclaimPolicy: balanced
 - commit_granule_bytes: 65536.
 - commit_granule_words: 8192.
 - virtual_space_node_default_size: 1048576.
 - enlarge_chunks_in_place: 1.
 - new_chunks_are_fully_committed: 0.
 - uncommit_free_chunks: 1.
 - use_allocation_guard: 0.
 - handle_deallocations: 1.


Internal statistics:

num_allocs_failed_limit: 0.
num_arena_births: 2.
num_arena_deaths: 0.
num_vsnodes_births: 2.
num_vsnodes_deaths: 0.
num_space_committed: 2.
num_space_uncommitted: 0.
num_chunks_returned_to_freelist: 0.
num_chunks_taken_from_freelist: 3.
num_chunk_merges: 0.
num_chunk_splits: 1.
num_chunks_enlarged: 0.
num_purges: 0.
num_inconsistent_stats: 0.

CodeHeap 'non-profiled nmethods': size=120000Kb used=1Kb max_used=1Kb free=119998Kb
 bounds [0x000001eb4e3a0000, 0x000001eb4e610000, 0x000001eb558d0000]
CodeHeap 'profiled nmethods': size=120000Kb used=21Kb max_used=21Kb free=119979Kb
 bounds [0x000001eb468d0000, 0x000001eb46b40000, 0x000001eb4de00000]
CodeHeap 'non-nmethods': size=5760Kb used=1031Kb max_used=1031Kb free=4728Kb
 bounds [0x000001eb4de00000, 0x000001eb4e070000, 0x000001eb4e3a0000]
 total_blobs=302 nmethods=18 adapters=197
 compilation: enabled
              stopped_count=0, restarted_count=0
 full_count=0

Compilation events (20 events):
Event: 0.326 Thread 0x000001eb62817dd0    3       3       java.lang.String::isLatin1 (19 bytes)
Event: 0.326 Thread 0x000001eb62817dd0 nmethod 3 0x000001eb468d2990 code [0x000001eb468d2b20, 0x000001eb468d2c98]
Event: 0.326 Thread 0x000001eb62817dd0    7       3       java.lang.String::equals (56 bytes)
Event: 0.326 Thread 0x000001eb62817dd0 nmethod 7 0x000001eb468d2d10 code [0x000001eb468d2ee0, 0x000001eb468d3368]
Event: 0.326 Thread 0x000001eb62817dd0   11       3       java.util.Objects::requireNonNull (14 bytes)
Event: 0.326 Thread 0x000001eb62817dd0 nmethod 11 0x000001eb468d3490 code [0x000001eb468d3640, 0x000001eb468d3828]
Event: 0.327 Thread 0x000001eb62817dd0   12       3       java.lang.String::coder (15 bytes)
Event: 0.327 Thread 0x000001eb62817dd0 nmethod 12 0x000001eb468d3910 code [0x000001eb468d3aa0, 0x000001eb468d3bd8]
Event: 0.327 Thread 0x000001eb62817dd0   13       3       java.lang.String::length (11 bytes)
Event: 0.327 Thread 0x000001eb62817dd0 nmethod 13 0x000001eb468d3c90 code [0x000001eb468d3e20, 0x000001eb468d3fb8]
Event: 0.327 Thread 0x000001eb62817dd0   14       1       java.lang.module.ModuleDescriptor::name (5 bytes)
Event: 0.327 Thread 0x000001eb62817dd0 nmethod 14 0x000001eb4e3a0010 code [0x000001eb4e3a01a0, 0x000001eb4e3a0278]
Event: 0.327 Thread 0x000001eb62817dd0   15       1       java.lang.module.ModuleReference::descriptor (5 bytes)
Event: 0.327 Thread 0x000001eb62817dd0 nmethod 15 0x000001eb4e3a0310 code [0x000001eb4e3a04a0, 0x000001eb4e3a0578]
Event: 0.327 Thread 0x000001eb62817dd0   16       3       java.lang.String::charAt (25 bytes)
Event: 0.328 Thread 0x000001eb62817dd0 nmethod 16 0x000001eb468d4090 code [0x000001eb468d4280, 0x000001eb468d47b8]
Event: 0.328 Thread 0x000001eb62817dd0   17       3       java.lang.StringLatin1::charAt (28 bytes)
Event: 0.328 Thread 0x000001eb62817dd0 nmethod 17 0x000001eb468d4a10 code [0x000001eb468d4bc0, 0x000001eb468d4dc8]
Event: 0.328 Thread 0x000001eb62817dd0   18       3       java.util.Objects::equals (23 bytes)
Event: 0.328 Thread 0x000001eb62817dd0 nmethod 18 0x000001eb468d4f10 code [0x000001eb468d50c0, 0x000001eb468d5348]

GC Heap History (0 events):
No events

Deoptimization events (0 events):
No events

Classes unloaded (0 events):
No events

Classes redefined (0 events):
No events

Internal exceptions (0 events):
No events

VM Operations (0 events):
No events

Events (12 events):
Event: 0.014 Loaded shared library C:\Program Files\Java\jdk-17\bin\java.dll
Event: 0.261 Loaded shared library C:\Program Files\Java\jdk-17\bin\jsvml.dll
Event: 0.261 Thread 0x000001eb3d842e60 Thread added: 0x000001eb3d842e60
Event: 0.274 Thread 0x000001eb627fdae0 Thread added: 0x000001eb627fdae0
Event: 0.275 Thread 0x000001eb627fe950 Thread added: 0x000001eb627fe950
Event: 0.306 Thread 0x000001eb62811760 Thread added: 0x000001eb62811760
Event: 0.306 Thread 0x000001eb62813230 Thread added: 0x000001eb62813230
Event: 0.306 Thread 0x000001eb62815bf0 Thread added: 0x000001eb62815bf0
Event: 0.306 Thread 0x000001eb628165a0 Thread added: 0x000001eb628165a0
Event: 0.306 Thread 0x000001eb62817330 Thread added: 0x000001eb62817330
Event: 0.307 Thread 0x000001eb62817dd0 Thread added: 0x000001eb62817dd0
Event: 0.307 Thread 0x000001eb6281a7d0 Thread added: 0x000001eb6281a7d0


Dynamic libraries:
0x00007ff6a6250000 - 0x00007ff6a6260000 	C:\Program Files\Java\jdk-17\bin\java.exe
0x00007ff94f370000 - 0x00007ff94f568000 	C:\WINDOWS\SYSTEM32\ntdll.dll
0x00007ff94f170000 - 0x00007ff94f22d000 	C:\WINDOWS\System32\KERNEL32.DLL
0x00007ff94caa0000 - 0x00007ff94cd96000 	C:\WINDOWS\System32\KERNELBASE.dll
0x00007ff94d2d0000 - 0x00007ff94d3d0000 	C:\WINDOWS\System32\ucrtbase.dll
0x00007ff949c50000 - 0x00007ff949c6b000 	C:\Program Files\Java\jdk-17\bin\VCRUNTIME140.dll
0x00007ff949e60000 - 0x00007ff949e79000 	C:\Program Files\Java\jdk-17\bin\jli.dll
0x00007ff94d700000 - 0x00007ff94d7af000 	C:\WINDOWS\System32\ADVAPI32.dll
0x00007ff94db40000 - 0x00007ff94dbde000 	C:\WINDOWS\System32\msvcrt.dll
0x00007ff94f230000 - 0x00007ff94f2cc000 	C:\WINDOWS\System32\sechost.dll
0x00007ff94da10000 - 0x00007ff94db36000 	C:\WINDOWS\System32\RPCRT4.dll
0x00007ff94e130000 - 0x00007ff94e2ce000 	C:\WINDOWS\System32\USER32.dll
0x00007ff94cf60000 - 0x00007ff94cf82000 	C:\WINDOWS\System32\win32u.dll
0x00007ff94e630000 - 0x00007ff94e65c000 	C:\WINDOWS\System32\GDI32.dll
0x00007ff94cfc0000 - 0x00007ff94d0da000 	C:\WINDOWS\System32\gdi32full.dll
0x00007ff94ce10000 - 0x00007ff94cead000 	C:\WINDOWS\System32\msvcp_win.dll
0x00007ff929cf0000 - 0x00007ff929f8a000 	C:\WINDOWS\WinSxS\amd64_microsoft.windows.common-controls_6595b64144ccf1df_6.0.19041.3636_none_60b6a03d71f818d5\COMCTL32.dll
0x00007ff9421a0000 - 0x00007ff9421aa000 	C:\WINDOWS\SYSTEM32\VERSION.dll
0x00007ff94f070000 - 0x00007ff94f0a0000 	C:\WINDOWS\System32\IMM32.DLL
0x00007ff949ef0000 - 0x00007ff949efc000 	C:\Program Files\Java\jdk-17\bin\vcruntime140_1.dll
0x00007ff928a40000 - 0x00007ff928ace000 	C:\Program Files\Java\jdk-17\bin\msvcp140.dll
0x00007ff8a0400000 - 0x00007ff8a0fdd000 	C:\Program Files\Java\jdk-17\bin\server\jvm.dll
0x00007ff94dbe0000 - 0x00007ff94dbe8000 	C:\WINDOWS\System32\PSAPI.DLL
0x00007ff941850000 - 0x00007ff941859000 	C:\WINDOWS\SYSTEM32\WSOCK32.dll
0x00007ff94e0c0000 - 0x00007ff94e12b000 	C:\WINDOWS\System32\WS2_32.dll
0x00007ff946c00000 - 0x00007ff946c27000 	C:\WINDOWS\SYSTEM32\WINMM.dll
0x00007ff94b250000 - 0x00007ff94b262000 	C:\WINDOWS\SYSTEM32\kernel.appcore.dll
0x00007ff949840000 - 0x00007ff94984a000 	C:\Program Files\Java\jdk-17\bin\jimage.dll
0x00007ff94af80000 - 0x00007ff94b164000 	C:\WINDOWS\SYSTEM32\DBGHELP.DLL
0x00007ff93e710000 - 0x00007ff93e744000 	C:\WINDOWS\SYSTEM32\dbgcore.DLL
0x00007ff94d240000 - 0x00007ff94d2c2000 	C:\WINDOWS\System32\bcryptPrimitives.dll
0x00007ff9497c0000 - 0x00007ff9497e5000 	C:\Program Files\Java\jdk-17\bin\java.dll
0x00007ff906af0000 - 0x00007ff906bc7000 	C:\Program Files\Java\jdk-17\bin\jsvml.dll
0x00007ff94e660000 - 0x00007ff94eda4000 	C:\WINDOWS\System32\SHELL32.dll
0x00007ff94a7e0000 - 0x00007ff94af7b000 	C:\WINDOWS\SYSTEM32\windows.storage.dll
0x00007ff94e2d0000 - 0x00007ff94e624000 	C:\WINDOWS\System32\combase.dll
0x00007ff94c490000 - 0x00007ff94c4bd000 	C:\WINDOWS\SYSTEM32\Wldp.dll
0x00007ff94d950000 - 0x00007ff94d9fd000 	C:\WINDOWS\System32\SHCORE.dll
0x00007ff94edb0000 - 0x00007ff94ee05000 	C:\WINDOWS\System32\shlwapi.dll
0x00007ff94c980000 - 0x00007ff94c9a5000 	C:\WINDOWS\SYSTEM32\profapi.dll

dbghelp: loaded successfully - version: 4.0.5 - missing functions: none
symbol engine: initialized successfully - sym options: 0x614 - pdb path: .;C:\Program Files\Java\jdk-17\bin;C:\WINDOWS\SYSTEM32;C:\WINDOWS\WinSxS\amd64_microsoft.windows.common-controls_6595b64144ccf1df_6.0.19041.3636_none_60b6a03d71f818d5;C:\Program Files\Java\jdk-17\bin\server

VM Arguments:
java_command: C:\\Windows\\System32\\personal_use\\node_modules\\node-key-sender\\jar\\key-sender.jar d o n e space
java_class_path (initial): C:\\Windows\\System32\\personal_use\\node_modules\\node-key-sender\\jar\\key-sender.jar
Launcher Type: SUN_STANDARD

[Global flags]
     intx CICompilerCount                          = 4                                         {product} {ergonomic}
     uint ConcGCThreads                            = 3                                         {product} {ergonomic}
     uint G1ConcRefinementThreads                  = 10                                        {product} {ergonomic}
   size_t G1HeapRegionSize                         = 2097152                                   {product} {ergonomic}
    uintx GCDrainStackTargetSize                   = 64                                        {product} {ergonomic}
   size_t InitialHeapSize                          = 264241152                                 {product} {ergonomic}
   size_t MarkStackSize                            = 4194304                                   {product} {ergonomic}
   size_t MaxHeapSize                              = 4225761280                                {product} {ergonomic}
   size_t MaxNewSize                               = 2535456768                                {product} {ergonomic}
   size_t MinHeapDeltaBytes                        = 2097152                                   {product} {ergonomic}
   size_t MinHeapSize                              = 8388608                                   {product} {ergonomic}
    uintx NonNMethodCodeHeapSize                   = 5839372                                {pd product} {ergonomic}
    uintx NonProfiledCodeHeapSize                  = 122909434                              {pd product} {ergonomic}
    uintx ProfiledCodeHeapSize                     = 122909434                              {pd product} {ergonomic}
    uintx ReservedCodeCacheSize                    = 251658240                              {pd product} {ergonomic}
     bool SegmentedCodeCache                       = true                                      {product} {ergonomic}
   size_t SoftMaxHeapSize                          = 4225761280                             {manageable} {ergonomic}
     bool UseCompressedClassPointers               = true                           {product lp64_product} {ergonomic}
     bool UseCompressedOops                        = true                           {product lp64_product} {ergonomic}
     bool UseG1GC                                  = true                                      {product} {ergonomic}
     bool UseLargePagesIndividualAllocation        = false                                  {pd product} {ergonomic}

Logging:
Log output configuration:
 #0: stdout all=warning uptime,level,tags
 #1: stderr all=off uptime,level,tags

Environment Variables:
PATH=C:\Windows\System32\personal_use\node_modules\.bin;C:\Windows\System32\node_modules\.bin;C:\Windows\node_modules\.bin;C:\node_modules\.bin;C:\Program Files\nodejs\node_modules\npm\node_modules\@npmcli\run-script\lib\node-gyp-bin;C:\Python312\Scripts\;C:\Python312\;C:\Program Files\Common Files\Oracle\Java\javapath;C:\Program Files (x86)\Common Files\Oracle\Java\javapath;C:\Program Files (x86)\Intel\Intel(R) Management Engine Components\iCLS\;C:\Program Files\Intel\Intel(R) Management Engine Components\iCLS\;C:\Windows\system32;C:\Windows;C:\Windows\System32\Wbem;C:\Windows\System32\WindowsPowerShell\v1.0\;C:\Windows\System32\OpenSSH\;C:\Program Files (x86)\NVIDIA Corporation\PhysX\Common;C:\WINDOWS\system32;C:\WINDOWS;C:\Users\hamza\Downloads\chromedriver_win32 (1);C:\WINDOWS\System32\Wbem;C:\WINDOWS\System32\WindowsPowerShell\v1.0\;C:\WINDOWS\System32\OpenSSH\;C:\Program Files\Git\cmd;C:\Program Files (x86)\NetSarang\Xshell 7\;C:\Program Files (x86)\NetSarang\Xftp 7\;C:\Program Files\MATLAB\R2021a\runtime\win64;C:\Program Files\MATLAB\R2021a\bin;C:\ffmpeg\bin;C:\ffmpeg;C:\Program Files\PuTTY\;C:\Program Files (x86)\Toshiba\Bluetooth Toshiba Stack\sys\;C:\Program Files (x86)\Toshiba\Bluetooth Toshiba Stack\sys\x64\;C:\Python27;C:\bin;C:\Program Files\dotnet\;C:\Program Files\Amazon\AWSCLIV2\;C:\Program Files\Docker\Docker\resources\bin;C:\ProgramData\DockerDesktop\version-bin;C:\ediabas\bin;C:\Program Files\Microsoft SQL Server\150\Tools\Binn\;C:\Program Files\Microsoft SQL Server\Client SDK\ODBC\170\Tools\Binn\;C:\Program Files (x86)\Microsoft SQL Server\160\DTS\Binn\;C:\Program Files\Azure Data Studio\bin;C:\ProgramData\chocolatey\bin;C:\Program Files\nodejs\;C:\Program Files\NVIDIA Corporation\NVIDIA NvDLISR;C:\Users\hamza\AppData\Local\Microsoft\WindowsApps;C:\Users\hamza\AppData\Local\Programs\Microsoft VS Code\bin;C:\Users\hamza\AppData\Local\GitHubD;C:\Program Files\JetBrains\PyCharm Community Edition 2023.1.1\bin;C:\Users\hamza\.dotnet\tools;C:\Users\hamza
USERNAME=hamza
OS=Windows_NT
PROCESSOR_IDENTIFIER=Intel64 Family 6 Model 158 Stepping 10, GenuineIntel



---------------  S Y S T E M  ---------------

OS:
 Windows 10 , 64 bit Build 19041 (10.0.19041.3636)
OS uptime: 4 days 20:15 hours
Hyper-V role detected

CPU: total 12 (initial active 12) (6 cores per cpu, 2 threads per core) family 6 model 158 stepping 10 microcode 0xea, cx8, cmov, fxsr, ht, mmx, 3dnowpref, sse, sse2, sse3, ssse3, sse4.1, sse4.2, popcnt, lzcnt, tsc, tscinvbit, avx, avx2, aes, erms, clmul, bmi1, bmi2, adx, fma, vzeroupper, clflush, clflushopt, hv

Memory: 4k page, system-wide physical 16118M (2563M free)
TotalPageFile size 31241M (AvailPageFile size 412M)
current process WorkingSet (physical memory assigned to process): 24M, peak: 24M
current process commit charge ("private bytes"): 341M, peak: 341M

vm_info: Java HotSpot(TM) 64-Bit Server VM (17.0.7+8-LTS-224) for windows-amd64 JRE (17.0.7+8-LTS-224), built on Feb 28 2023 23:03:02 by "mach5one" with MS VC++ 17.1 (VS2022)

END.
