#
# A fatal error has been detected by the Java Runtime Environment:
#
#  EXCEPTION_ACCESS_VIOLATION (0xc0000005) at pc=0x00007ff949841bc5, pid=33080, tid=34764
#
# JRE version:  (17.0.7+8) (build )
# Java VM: Java HotSpot(TM) 64-Bit Server VM (17.0.7+8-LTS-224, mixed mode, sharing, tiered, unknown gc, windows-amd64)
# Problematic frame:
# C  [jimage.dll+0x1bc5]
#
# No core dump will be written. Minidumps are not enabled by default on client versions of Windows
#
#

---------------  S U M M A R Y ------------

Command Line: 

Host: Intel(R) Core(TM) i7-8750H CPU @ 2.20GHz, 12 cores, 15G,  Windows 10 , 64 bit Build 19041 (10.0.19041.3636)
Time: Wed Nov 22 15:27:57 2023 Pacific Standard Time elapsed time: 1.437181 seconds (0d 0h 0m 1s)

---------------  T H R E A D  ---------------

Current thread is native thread

Stack: [0x0000002a49100000,0x0000002a49200000],  sp=0x0000002a491fd500,  free space=1013k
Native frames: (J=compiled Java code, j=interpreted, Vv=VM code, C=native code)
C  [jimage.dll+0x1bc5]
C  [jimage.dll+0x1d53]
C  [jimage.dll+0x2619]
V  [jvm.dll+0x1f0d9a]
V  [jvm.dll+0xaf14e]
V  [jvm.dll+0x787edc]
V  [jvm.dll+0x3ea5ef]
V  [jvm.dll+0x3ec071]
C  [jli.dll+0x5297]
C  [ucrtbase.dll+0x21bb2]
C  [KERNEL32.DLL+0x17344]
C  [ntdll.dll+0x526b1]


siginfo: EXCEPTION_ACCESS_VIOLATION (0xc0000005), reading address 0x000000000001a728


Registers:
RAX=0x00000000000069c3, RBX=0x0000002a491fd5f1, RCX=0x00007ff949846000, RDX=0x00000000000069c3
RSP=0x0000002a491fd500, RBP=0x0000002a491fd5f0, RSI=0x00000000000071ed, RDI=0x0000002a491fd5f0
R8 =0x00007ff949844298, R9 =0x000000000000001c, R10=0x00007ff949c50000, R11=0x00007ff949846000
R12=0x0000000000000000, R13=0x00000221492aca90, R14=0x0000002a491fe660, R15=0x00007ff8a0cdb258
RIP=0x00007ff949841bc5, EFLAGS=0x0000000000010246

Top of Stack: (sp=0x0000002a491fd500)
0x0000002a491fd500:   0000000000000077 00000000000003ff
0x0000002a491fd510:   0000022149349040 0000002a491fd670
0x0000002a491fd520:   00000221492ae550 00007ff949841d53
0x0000002a491fd530:   000000000000000b 00000221492ae550
0x0000002a491fd540:   0000002a491fd591 0000000000000101
0x0000002a491fd550:   00000000000006f5 00000221492a0150
0x0000002a491fd560:   00000000000006f5 00000000000006f5
0x0000002a491fd570:   00000000000006f5 00000221492a0000
0x0000002a491fd580:   000002214b430000 00007ff94f38e2a9
0x0000002a491fd590:   0000358258fe6cc0 000000003b000239
0x0000002a491fd5a0:   00007ff8a0cb9d60 0000000000000017
0x0000002a491fd5b0:   00000221492ae550 0000002a491fe660
0x0000002a491fd5c0:   000000000000000b 00007ff949842619
0x0000002a491fd5d0:   000000000000070c 000000000000070c
0x0000002a491fd5e0:   000000000000070c 00000221492a0000
0x0000002a491fd5f0:   61622e6176616a2f 692f6b646a2f6573 

Instructions: (pc=0x00007ff949841bc5)
0x00007ff949841ac5:   48 85 c9 74 1d 80 3d 3f 45 00 00 00 74 06 48 8b
0x00007ff949841ad5:   53 18 eb 04 48 8b 53 40 e8 96 0e 00 00 48 83 63
0x00007ff949841ae5:   48 00 8b 4b 0c 83 f9 ff 74 09 e8 cc 0c 00 00 83
0x00007ff949841af5:   4b 0c ff 48 8b 4b 70 48 85 c9 74 0f ba 10 00 00
0x00007ff949841b05:   00 e8 ed 0e 00 00 48 83 63 70 00 48 83 c4 20 5b
0x00007ff949841b15:   c3 cc cc 40 53 48 83 ec 20 48 8b d9 48 8d 0d f8
0x00007ff949841b25:   46 00 00 e8 9b 0c 00 00 83 6b 08 01 75 24 48 8b
0x00007ff949841b35:   d3 48 8d 0d db 44 00 00 e8 22 08 00 00 48 8b cb
0x00007ff949841b45:   e8 d6 fe ff ff ba 78 00 00 00 48 8b cb e8 a1 0e
0x00007ff949841b55:   00 00 48 8d 0d c2 46 00 00 48 83 c4 20 5b e9 68
0x00007ff949841b65:   0c 00 00 48 89 5c 24 08 48 89 74 24 10 57 48 83
0x00007ff949841b75:   ec 20 41 8b f1 4d 8b c8 48 8b fa 4c 8b d9 4d 85
0x00007ff949841b85:   c0 74 78 85 f6 74 74 44 8a 12 48 8d 5a 01 48 8b
0x00007ff949841b95:   d3 b8 93 01 00 01 eb 12 69 c0 93 01 00 01 41 0f
0x00007ff949841ba5:   b6 ca 44 8a 12 33 c1 48 ff c2 45 84 d2 75 e9 4d
0x00007ff949841bb5:   8b 03 0f ba f0 1f 33 d2 49 8b cb f7 f6 48 63 c2
0x00007ff949841bc5:   41 8b 14 81 41 ff 50 08 85 c0 7e 24 8a 0f eb 10
0x00007ff949841bd5:   69 c0 93 01 00 01 0f b6 c9 33 c1 8a 0b 48 ff c3
0x00007ff949841be5:   84 c9 75 ec 0f ba f0 1f 33 d2 f7 f6 8b c2 eb 0e
0x00007ff949841bf5:   79 09 83 c9 ff 2b c8 8b c1 eb 03 83 c8 ff 48 8b
0x00007ff949841c05:   5c 24 30 48 8b 74 24 38 48 83 c4 20 5f c3 cc 48
0x00007ff949841c15:   89 5c 24 08 48 89 74 24 10 57 48 83 ec 20 48 8b
0x00007ff949841c25:   f1 48 8d 0d f3 45 00 00 e8 96 0b 00 00 33 ff 39
0x00007ff949841c35:   3d de 43 00 00 76 24 48 8b 05 dd 43 00 00 48 8b
0x00007ff949841c45:   d6 48 8b 1c f8 48 8b 0b e8 68 1e 00 00 85 c0 74
0x00007ff949841c55:   2b ff c7 3b 3d ba 43 00 00 72 dc 33 db 48 8d 0d
0x00007ff949841c65:   b7 45 00 00 e8 62 0b 00 00 48 8b 74 24 38 48 8b
0x00007ff949841c75:   c3 48 8b 5c 24 30 48 83 c4 20 5f c3 ff 43 08 eb
0x00007ff949841c85:   dc cc cc 48 89 5c 24 08 48 89 74 24 10 57 48 83
0x00007ff949841c95:   ec 20 48 8b d9 48 8b f2 48 8b 49 10 49 8b f8 8b
0x00007ff949841ca5:   53 30 48 8b 01 ff 50 20 4c 8b 43 50 48 8b d6 48
0x00007ff949841cb5:   8b 4b 10 44 8b c8 e8 a8 fe ff ff 83 f8 ff 74 38 



---------------  P R O C E S S  ---------------

VM state: not at safepoint (not fully initialized)

VM Mutex/Monitor currently owned by a thread: None

GC Precious Log:
<Not initialized>


Dynamic libraries:
0x00007ff6a6250000 - 0x00007ff6a6260000 	C:\Program Files\Java\jdk-17\bin\java.exe
0x00007ff94f370000 - 0x00007ff94f568000 	C:\WINDOWS\SYSTEM32\ntdll.dll
0x00007ff94f170000 - 0x00007ff94f22d000 	C:\WINDOWS\System32\KERNEL32.DLL
0x00007ff94caa0000 - 0x00007ff94cd96000 	C:\WINDOWS\System32\KERNELBASE.dll
0x00007ff94d2d0000 - 0x00007ff94d3d0000 	C:\WINDOWS\System32\ucrtbase.dll
0x00007ff949e60000 - 0x00007ff949e79000 	C:\Program Files\Java\jdk-17\bin\jli.dll
0x00007ff94d700000 - 0x00007ff94d7af000 	C:\WINDOWS\System32\ADVAPI32.dll
0x00007ff94db40000 - 0x00007ff94dbde000 	C:\WINDOWS\System32\msvcrt.dll
0x00007ff94f230000 - 0x00007ff94f2cc000 	C:\WINDOWS\System32\sechost.dll
0x00007ff94da10000 - 0x00007ff94db36000 	C:\WINDOWS\System32\RPCRT4.dll
0x00007ff94e130000 - 0x00007ff94e2ce000 	C:\WINDOWS\System32\USER32.dll
0x00007ff94cf60000 - 0x00007ff94cf82000 	C:\WINDOWS\System32\win32u.dll
0x00007ff94e630000 - 0x00007ff94e65c000 	C:\WINDOWS\System32\GDI32.dll
0x00007ff94cfc0000 - 0x00007ff94d0da000 	C:\WINDOWS\System32\gdi32full.dll
0x00007ff94ce10000 - 0x00007ff94cead000 	C:\WINDOWS\System32\msvcp_win.dll
0x00007ff929cf0000 - 0x00007ff929f8a000 	C:\WINDOWS\WinSxS\amd64_microsoft.windows.common-controls_6595b64144ccf1df_6.0.19041.3636_none_60b6a03d71f818d5\COMCTL32.dll
0x00007ff949c50000 - 0x00007ff949c6b000 	C:\Program Files\Java\jdk-17\bin\VCRUNTIME140.dll
0x00007ff9421a0000 - 0x00007ff9421aa000 	C:\WINDOWS\SYSTEM32\VERSION.dll
0x00007ff94f070000 - 0x00007ff94f0a0000 	C:\WINDOWS\System32\IMM32.DLL
0x00007ff949ef0000 - 0x00007ff949efc000 	C:\Program Files\Java\jdk-17\bin\vcruntime140_1.dll
0x00007ff928a40000 - 0x00007ff928ace000 	C:\Program Files\Java\jdk-17\bin\msvcp140.dll
0x00007ff8a0400000 - 0x00007ff8a0fdd000 	C:\Program Files\Java\jdk-17\bin\server\jvm.dll
0x00007ff94dbe0000 - 0x00007ff94dbe8000 	C:\WINDOWS\System32\PSAPI.DLL
0x00007ff941850000 - 0x00007ff941859000 	C:\WINDOWS\SYSTEM32\WSOCK32.dll
0x00007ff94e0c0000 - 0x00007ff94e12b000 	C:\WINDOWS\System32\WS2_32.dll
0x00007ff946c00000 - 0x00007ff946c27000 	C:\WINDOWS\SYSTEM32\WINMM.dll
0x00007ff94b250000 - 0x00007ff94b262000 	C:\WINDOWS\SYSTEM32\kernel.appcore.dll
0x00007ff949840000 - 0x00007ff94984a000 	C:\Program Files\Java\jdk-17\bin\jimage.dll
0x00007ff94af80000 - 0x00007ff94b164000 	C:\WINDOWS\SYSTEM32\DBGHELP.DLL
0x00007ff93e710000 - 0x00007ff93e744000 	C:\WINDOWS\SYSTEM32\dbgcore.DLL
0x00007ff94d240000 - 0x00007ff94d2c2000 	C:\WINDOWS\System32\bcryptPrimitives.dll

dbghelp: loaded successfully - version: 4.0.5 - missing functions: none
symbol engine: initialized successfully - sym options: 0x614 - pdb path: .;C:\Program Files\Java\jdk-17\bin;C:\WINDOWS\SYSTEM32;C:\WINDOWS\WinSxS\amd64_microsoft.windows.common-controls_6595b64144ccf1df_6.0.19041.3636_none_60b6a03d71f818d5;C:\Program Files\Java\jdk-17\bin\server

VM Arguments:
java_command: <unknown>
java_class_path (initial): <not set>
Launcher Type: SUN_STANDARD

[Global flags]
     bool UseLargePagesIndividualAllocation        = false                                  {pd product} {ergonomic}

Logging:
Log output configuration:
 #0: stdout all=warning uptime,level,tags
 #1: stderr all=off uptime,level,tags

Environment Variables:
PATH=C:\Windows\System32\personal_use\node_modules\.bin;C:\Windows\System32\node_modules\.bin;C:\Windows\node_modules\.bin;C:\node_modules\.bin;C:\Program Files\nodejs\node_modules\npm\node_modules\@npmcli\run-script\lib\node-gyp-bin;C:\Python312\Scripts\;C:\Python312\;C:\Program Files\Common Files\Oracle\Java\javapath;C:\Program Files (x86)\Common Files\Oracle\Java\javapath;C:\Program Files (x86)\Intel\Intel(R) Management Engine Components\iCLS\;C:\Program Files\Intel\Intel(R) Management Engine Components\iCLS\;C:\Windows\system32;C:\Windows;C:\Windows\System32\Wbem;C:\Windows\System32\WindowsPowerShell\v1.0\;C:\Windows\System32\OpenSSH\;C:\Program Files (x86)\NVIDIA Corporation\PhysX\Common;C:\WINDOWS\system32;C:\WINDOWS;C:\Users\hamza\Downloads\chromedriver_win32 (1);C:\WINDOWS\System32\Wbem;C:\WINDOWS\System32\WindowsPowerShell\v1.0\;C:\WINDOWS\System32\OpenSSH\;C:\Program Files\Git\cmd;C:\Program Files (x86)\NetSarang\Xshell 7\;C:\Program Files (x86)\NetSarang\Xftp 7\;C:\Program Files\MATLAB\R2021a\runtime\win64;C:\Program Files\MATLAB\R2021a\bin;C:\ffmpeg\bin;C:\ffmpeg;C:\Program Files\PuTTY\;C:\Program Files (x86)\Toshiba\Bluetooth Toshiba Stack\sys\;C:\Program Files (x86)\Toshiba\Bluetooth Toshiba Stack\sys\x64\;C:\Python27;C:\bin;C:\Program Files\dotnet\;C:\Program Files\Amazon\AWSCLIV2\;C:\Program Files\Docker\Docker\resources\bin;C:\ProgramData\DockerDesktop\version-bin;C:\ediabas\bin;C:\Program Files\Microsoft SQL Server\150\Tools\Binn\;C:\Program Files\Microsoft SQL Server\Client SDK\ODBC\170\Tools\Binn\;C:\Program Files (x86)\Microsoft SQL Server\160\DTS\Binn\;C:\Program Files\Azure Data Studio\bin;C:\ProgramData\chocolatey\bin;C:\Program Files\nodejs\;C:\Program Files\NVIDIA Corporation\NVIDIA NvDLISR;C:\Users\hamza\AppData\Local\Microsoft\WindowsApps;C:\Users\hamza\AppData\Local\Programs\Microsoft VS Code\bin;C:\Users\hamza\AppData\Local\GitHubD;C:\Program Files\JetBrains\PyCharm Community Edition 2023.1.1\bin;C:\Users\hamza\.dotnet\tools;C:\Users\hamza
USERNAME=hamza
OS=Windows_NT
PROCESSOR_IDENTIFIER=Intel64 Family 6 Model 158 Stepping 10, GenuineIntel



---------------  S Y S T E M  ---------------

OS:
 Windows 10 , 64 bit Build 19041 (10.0.19041.3636)
OS uptime: 4 days 20:15 hours

CPU: total 12 (initial active 0) 

Memory: 4k page, system-wide physical 16118M (2093M free)
TotalPageFile size 30727M (AvailPageFile size 269M)
current process WorkingSet (physical memory assigned to process): 7M, peak: 7M
current process commit charge ("private bytes"): 3M, peak: 3M

vm_info: Java HotSpot(TM) 64-Bit Server VM (17.0.7+8-LTS-224) for windows-amd64 JRE (17.0.7+8-LTS-224), built on Feb 28 2023 23:03:02 by "mach5one" with MS VC++ 17.1 (VS2022)

END.
